   _______  _______ _________ _        _______ 
  (  ____ \(       )\__   __/( (    /|(  ___  )
  | (    \/| () () |   ) (   |  \  ( || (   ) |
  | (_____ | || || |   | |   |   \ | || (___) |
  (_____  )| |(_)| |   | |   | (\ \) ||  ___  |
        ) || |   | |   | |   | | \   || (   ) |
  /\____) || )   ( |___) (___| )  \  || )   ( |
  \_______)|/     \|\_______/|/    )_)|/     \|


smina is based off AutoDock Vina. Please cite appropriately.

Weights      Terms
-0.035579    gauss(o=0,_w=0.5,_c=8)
-0.005156    gauss(o=3,_w=2,_c=8)
0.840245     repulsion(o=0,_c=8)
-0.035069    hydrophobic(g=0.5,_b=1.5,_c=8)
-0.587439    non_dir_h_bond(g=-0.7,_b=0,_c=8)
1.923        num_tors_div

Using random seed: -1942953518

mode |   affinity | dist from best mode
     | (kcal/mol) | rmsd l.b.| rmsd u.b.
-----+------------+----------+----------
1       -9.4       0.000      0.000    
2       -9.1       3.742      8.858    
3       -8.9       2.327      4.652    
4       -8.9       2.577      7.391    
5       -8.6       3.534      8.101    
6       -8.6       2.605      3.488    
7       -8.4       1.753      2.181    
8       -8.4       3.592      6.227    
9       -8.2       2.434      3.213    
