   _______  _______ _________ _        _______ 
  (  ____ \(       )\__   __/( (    /|(  ___  )
  | (    \/| () () |   ) (   |  \  ( || (   ) |
  | (_____ | || || |   | |   |   \ | || (___) |
  (_____  )| |(_)| |   | |   | (\ \) ||  ___  |
        ) || |   | |   | |   | | \   || (   ) |
  /\____) || )   ( |___) (___| )  \  || )   ( |
  \_______)|/     \|\_______/|/    )_)|/     \|


smina is based off AutoDock Vina. Please cite appropriately.

Weights      Terms
-0.035579    gauss(o=0,_w=0.5,_c=8)
-0.005156    gauss(o=3,_w=2,_c=8)
0.840245     repulsion(o=0,_c=8)
-0.035069    hydrophobic(g=0.5,_b=1.5,_c=8)
-0.587439    non_dir_h_bond(g=-0.7,_b=0,_c=8)
1.923        num_tors_div

Using random seed: -2080587198

mode |   affinity | dist from best mode
     | (kcal/mol) | rmsd l.b.| rmsd u.b.
-----+------------+----------+----------
1       -8.0       0.000      0.000    
2       -7.9       1.926      2.981    
3       -7.8       2.801      4.114    
4       -7.7       2.870      4.777    
5       -7.4       3.039      4.694    
6       -7.4       2.146      3.382    
7       -7.3       3.980      5.762    
8       -7.1       1.446      2.527    
9       -7.1       3.764      5.323    
